f:\年薪50w养成计划\c++练手项目\mybishi\mybishi\debug\vc141.pdb
f:\年薪50w养成计划\c++练手项目\mybishi\mybishi\debug\vc141.idb
f:\年薪50w养成计划\c++练手项目\mybishi\mybishi\debug\链表.obj
f:\年薪50w养成计划\c++练手项目\mybishi\mybishi\debug\远景.obj
f:\年薪50w养成计划\c++练手项目\mybishi\mybishi\debug\网易0912.obj
f:\年薪50w养成计划\c++练手项目\mybishi\mybishi\debug\类型转换.obj
f:\年薪50w养成计划\c++练手项目\mybishi\mybishi\debug\科大讯飞.obj
f:\年薪50w养成计划\c++练手项目\mybishi\mybishi\debug\百度.obj
f:\年薪50w养成计划\c++练手项目\mybishi\mybishi\debug\深信服.obj
f:\年薪50w养成计划\c++练手项目\mybishi\mybishi\debug\携程.obj
f:\年薪50w养成计划\c++练手项目\mybishi\mybishi\debug\排序.obj
f:\年薪50w养成计划\c++练手项目\mybishi\mybishi\debug\思科.obj
f:\年薪50w养成计划\c++练手项目\mybishi\mybishi\debug\平衡二叉树.obj
f:\年薪50w养成计划\c++练手项目\mybishi\mybishi\debug\小米排序cmp.obj
f:\年薪50w养成计划\c++练手项目\mybishi\mybishi\debug\地平线循环缓冲队列.obj
f:\年薪50w养成计划\c++练手项目\mybishi\mybishi\debug\合法的ip地址.obj
f:\年薪50w养成计划\c++练手项目\mybishi\mybishi\debug\单例类.obj
f:\年薪50w养成计划\c++练手项目\mybishi\mybishi\debug\农行.obj
f:\年薪50w养成计划\c++练手项目\mybishi\mybishi\debug\vivo.obj
f:\年薪50w养成计划\c++练手项目\mybishi\mybishi\debug\test.obj
f:\年薪50w养成计划\c++练手项目\mybishi\mybishi\debug\floyd.obj
f:\年薪50w养成计划\c++练手项目\mybishi\mybishi\debug\360.obj
f:\年薪50w养成计划\c++练手项目\mybishi\mybishi\debug\静态成员.obj
f:\年薪50w养成计划\c++练手项目\mybishi\mybishi\debug\滴滴.obj
f:\年薪50w养成计划\c++练手项目\mybishi\debug\mybishi.exe
f:\年薪50w养成计划\c++练手项目\mybishi\debug\mybishi.ilk
f:\年薪50w养成计划\c++练手项目\mybishi\debug\mybishi.pdb
f:\年薪50w养成计划\c++练手项目\mybishi\mybishi\debug\mybishi.tlog\cl.command.1.tlog
f:\年薪50w养成计划\c++练手项目\mybishi\mybishi\debug\mybishi.tlog\cl.read.1.tlog
f:\年薪50w养成计划\c++练手项目\mybishi\mybishi\debug\mybishi.tlog\cl.write.1.tlog
f:\年薪50w养成计划\c++练手项目\mybishi\mybishi\debug\mybishi.tlog\link.command.1.tlog
f:\年薪50w养成计划\c++练手项目\mybishi\mybishi\debug\mybishi.tlog\link.read.1.tlog
f:\年薪50w养成计划\c++练手项目\mybishi\mybishi\debug\mybishi.tlog\link.write.1.tlog
